Using pre-set license
Built from '2020.3/staging' branch; Version is '2020.3.26f1 (7298b473bc1a) revision 7510196'; Using compiler version '192528614'; Build Type 'Release'
OS: 'Windows 10  (10.0.19044) 64bit Core' Language: 'zh' Physical Memory: 15776 MB
BatchMode: 1, IsHumanControllingUs: 0, StartBugReporterOnCrash: 0, Is64bit: 1, IsPro: 0

COMMAND LINE ARGUMENTS:
E:\unityhub\2020.3.26f1\Editor\Unity.exe
-adb2
-batchMode
-noUpm
-name
AssetImportWorker0
-projectPath
D:/BBR/Research/project002/SoftWare/unity/Unity_Cars_template
-logFile
Logs/AssetImportWorker0.log
-srvPort
12798
Successfully changed project path to: D:/BBR/Research/project002/SoftWare/unity/Unity_Cars_template
D:/BBR/Research/project002/SoftWare/unity/Unity_Cars_template
Using Asset Import Pipeline V2.
Refreshing native plugins compatible for Editor in 47.75 ms, found 2 plugins.
Preloading 0 native plugins for Editor in 0.00 ms.
Initialize engine version: 2020.3.26f1 (7298b473bc1a)
[Subsystems] Discovering subsystems at path E:/unityhub/2020.3.26f1/Editor/Data/Resources/UnitySubsystems
[Subsystems] Discovering subsystems at path D:/BBR/Research/project002/SoftWare/unity/Unity_Cars_template/Assets
GfxDevice: creating device client; threaded=0
Direct3D:
    Version:  Direct3D 11.0 [level 11.1]
    Renderer: NVIDIA GeForce RTX 3070 Laptop GPU (ID=0x249d)
    Vendor:   
    VRAM:     8033 MB
    Driver:   31.0.15.2849
Initialize mono
Mono path[0] = 'E:/unityhub/2020.3.26f1/Editor/Data/Managed'
Mono path[1] = 'E:/unityhub/2020.3.26f1/Editor/Data/MonoBleedingEdge/lib/mono/unityjit'
Mono config path = 'E:/unityhub/2020.3.26f1/Editor/Data/MonoBleedingEdge/etc'
Using monoOptions --debugger-agent=transport=dt_socket,embedding=1,server=y,suspend=n,address=127.0.0.1:56356
Begin MonoManager ReloadAssembly
Registering precompiled unity dll's ...
Register platform support module: E:/unityhub/2020.3.26f1/Editor/Data/PlaybackEngines/WebGLSupport/UnityEditor.WebGL.Extensions.dll
Register platform support module: E:/unityhub/2020.3.26f1/Editor/Data/PlaybackEngines/WindowsStandaloneSupport/UnityEditor.WindowsStandalone.Extensions.dll
Registered in 0.000947 seconds.
Native extension for WindowsStandalone target not found
Native extension for WebGL target not found
Refreshing native plugins compatible for Editor in 39.31 ms, found 2 plugins.
Preloading 0 native plugins for Editor in 0.00 ms.
Mono: successfully reloaded assembly
- Completed reload, in  0.481 seconds
Domain Reload Profiling:
	ReloadAssembly (481ms)
		BeginReloadAssembly (39ms)
			ExecutionOrderSort (0ms)
			DisableScriptedObjects (0ms)
			BackupInstance (0ms)
			ReleaseScriptingObjects (0ms)
			CreateAndSetChildDomain (1ms)
		EndReloadAssembly (393ms)
			LoadAssemblies (39ms)
			RebuildTransferFunctionScriptingTraits (0ms)
			SetupTypeCache (137ms)
			ReleaseScriptCaches (0ms)
			RebuildScriptCaches (20ms)
			SetupLoadedEditorAssemblies (146ms)
				LogAssemblyErrors (0ms)
				InitializePlatformSupportModulesInManaged (4ms)
				SetLoadedEditorAssemblies (0ms)
				RefreshPlugins (39ms)
				BeforeProcessingInitializeOnLoad (13ms)
				ProcessInitializeOnLoadAttributes (63ms)
				ProcessInitializeOnLoadMethodAttributes (26ms)
				AfterProcessingInitializeOnLoad (0ms)
				EditorAssembliesLoaded (0ms)
			ExecutionOrderSort2 (0ms)
			AwakeInstancesAfterBackupRestoration (0ms)
Platform modules already initialized, skipping
Registering precompiled user dll's ...
Registered in 0.004330 seconds.
Begin MonoManager ReloadAssembly
Native extension for WindowsStandalone target not found
Native extension for WebGL target not found
Refreshing native plugins compatible for Editor in 0.69 ms, found 2 plugins.
Preloading 0 native plugins for Editor in 0.00 ms.
Mono: successfully reloaded assembly
- Completed reload, in  0.801 seconds
Domain Reload Profiling:
	ReloadAssembly (802ms)
		BeginReloadAssembly (101ms)
			ExecutionOrderSort (0ms)
			DisableScriptedObjects (4ms)
			BackupInstance (0ms)
			ReleaseScriptingObjects (0ms)
			CreateAndSetChildDomain (15ms)
		EndReloadAssembly (660ms)
			LoadAssemblies (76ms)
			RebuildTransferFunctionScriptingTraits (0ms)
			SetupTypeCache (203ms)
			ReleaseScriptCaches (0ms)
			RebuildScriptCaches (32ms)
			SetupLoadedEditorAssemblies (291ms)
				LogAssemblyErrors (0ms)
				InitializePlatformSupportModulesInManaged (4ms)
				SetLoadedEditorAssemblies (1ms)
				RefreshPlugins (1ms)
				BeforeProcessingInitializeOnLoad (71ms)
				ProcessInitializeOnLoadAttributes (181ms)
				ProcessInitializeOnLoadMethodAttributes (32ms)
				AfterProcessingInitializeOnLoad (2ms)
				EditorAssembliesLoaded (0ms)
			ExecutionOrderSort2 (0ms)
			AwakeInstancesAfterBackupRestoration (5ms)
Platform modules already initialized, skipping
========================================================================
Worker process is ready to serve import requests
Launched and connected shader compiler UnityShaderCompiler.exe after 0.04 seconds
Refreshing native plugins compatible for Editor in 1.47 ms, found 2 plugins.
Preloading 0 native plugins for Editor in 0.00 ms.
Unloading 2253 Unused Serialized files (Serialized files now loaded: 0)
System memory in use before: 96.2 MB.
System memory in use after: 96.3 MB.

Unloading 58 unused Assets to reduce memory usage. Loaded Objects now: 2657.
Total: 12.380700 ms (FindLiveObjects: 0.537500 ms CreateObjectMapping: 0.177300 ms MarkObjects: 11.512500 ms  DeleteObjects: 0.151400 ms)

AssetImportParameters requested are different than current active one (requested -> active):
  custom:framework-win-MediaFoundation: 216162199b28c13a410421893ffa2e32 -> 
  custom:video-decoder-ogg-theora: a1e56fd34408186e4bbccfd4996cb3dc -> 
  custom:container-muxer-webm: aa71ff27fc2769a1b78a27578f13a17b -> 
  custom:container-demuxer-webm: 4f35f7cbe854078d1ac9338744f61a02 -> 
  custom:container-demuxer-ogg: 62fdf1f143b41e24485cea50d1cbac27 -> 
  custom:video-encoder-webm-vp8: eb34c28f22e8b96e1ab97ce403110664 -> 
  custom:video-codec-MediaFoundation-h265: 746d11721c4dcdbdad8f713fa42b33f4 -> 
  custom:video-decoder-webm-vp8: 9c59270c3fd7afecdb556c50c9e8de78 -> 
  custom:audio-decoder-ogg-vorbis: bf7c407c2cedff20999df2af8eb42d56 -> 
  custom:audio-encoder-webm-vorbis: bf7c407c2cedff20999df2af8eb42d56 -> 
========================================================================
Received Import Request.
  path: Assets/ExampleAssets/Textures/Concrete
  artifactKey: Guid(47c259102c9296845a85c9d7207b82f2) Importer(815301076,1909f56bfc062723c751e8b465ee728b)
Start importing Assets/ExampleAssets/Textures/Concrete using Guid(47c259102c9296845a85c9d7207b82f2) Importer(815301076,1909f56bfc062723c751e8b465ee728b)  -> (artifact id: '2054d91eabfe931dd284a4ac6de47fa7') in 0.008522 seconds 
  Import took 0.015016 seconds .

========================================================================
Received Import Request.
  Time since last request: 0.000310 seconds.
  path: Assets/ExampleAssets/Textures/Concrete/Ground_Albedo.tif
  artifactKey: Guid(87ce03bd447ccce48bbff87ac0d8355f) Importer(815301076,1909f56bfc062723c751e8b465ee728b)
Start importing Assets/ExampleAssets/Textures/Concrete/Ground_Albedo.tif using Guid(87ce03bd447ccce48bbff87ac0d8355f) Importer(815301076,1909f56bfc062723c751e8b465ee728b)  -> (artifact id: '80a2eb421f3150fc5a465c2622867682') in 0.084886 seconds 
  Import took 0.089026 seconds .

========================================================================
Received Import Request.
  Time since last request: 85.830100 seconds.
  path: Assets/ExampleAssets/Textures/Concrete/Ground_Normal.tif
  artifactKey: Guid(fab85e0cacda9644a99e5182a86b71f5) Importer(815301076,1909f56bfc062723c751e8b465ee728b)
Start importing Assets/ExampleAssets/Textures/Concrete/Ground_Normal.tif using Guid(fab85e0cacda9644a99e5182a86b71f5) Importer(815301076,1909f56bfc062723c751e8b465ee728b)  -> (artifact id: 'cb3b82616a6e94d34e829e2f1a20c9b3') in 0.024108 seconds 
  Import took 0.027684 seconds .

========================================================================
Received Import Request.
  Time since last request: 579.798898 seconds.
  path: Assets/Prefabs/Classic_16.prefab
  artifactKey: Guid(df8f7ba5a14db6d4cad81441da7382b0) Importer(815301076,1909f56bfc062723c751e8b465ee728b)
Start importing Assets/Prefabs/Classic_16.prefab using Guid(df8f7ba5a14db6d4cad81441da7382b0) Importer(815301076,1909f56bfc062723c751e8b465ee728b)  -> (artifact id: '9480496f774c4a23ab839cc862ac5316') in 0.139876 seconds 
  Import took 0.144391 seconds .

========================================================================
Received Import Request.
  Time since last request: 42.692422 seconds.
  path: Assets/Low Poly Destructible 2Cars no. 8/Cars/16_Classic/Classic_16.FBX
  artifactKey: Guid(000e268602069ee41b503cc210240ef7) Importer(815301076,1909f56bfc062723c751e8b465ee728b)
Start importing Assets/Low Poly Destructible 2Cars no. 8/Cars/16_Classic/Classic_16.FBX using Guid(000e268602069ee41b503cc210240ef7) Importer(815301076,1909f56bfc062723c751e8b465ee728b)  -> (artifact id: '0ed0e777cc8cd8b624540b650b0bd875') in 0.123653 seconds 
  Import took 0.127593 seconds .

========================================================================
Received Import Request.
  Time since last request: 16.388842 seconds.
  path: Assets/Prefabs
  artifactKey: Guid(2aac6988321a39b4fa715ee8479b77a7) Importer(815301076,1909f56bfc062723c751e8b465ee728b)
Start importing Assets/Prefabs using Guid(2aac6988321a39b4fa715ee8479b77a7) Importer(815301076,1909f56bfc062723c751e8b465ee728b)  -> (artifact id: 'c8e88732902893152ef062258ff00914') in 0.001577 seconds 
  Import took 0.005325 seconds .

========================================================================
Received Import Request.
  Time since last request: 115.741451 seconds.
  path: Assets/Low Poly Destructible 2Cars no. 8/Cars/16_Classic/Upgrades
  artifactKey: Guid(169e88d90aa87ec4b9bf96380110f891) Importer(815301076,1909f56bfc062723c751e8b465ee728b)
Start importing Assets/Low Poly Destructible 2Cars no. 8/Cars/16_Classic/Upgrades using Guid(169e88d90aa87ec4b9bf96380110f891) Importer(815301076,1909f56bfc062723c751e8b465ee728b)  -> (artifact id: 'edc06f7d7db8bdd87c7430f7b68cc9af') in 0.001639 seconds 
  Import took 0.005365 seconds .

========================================================================
Received Import Request.
  Time since last request: 5.247449 seconds.
  path: Assets/Low Poly Destructible 2Cars no. 8/Cars/16_Classic/Textures/Classic_16_Body.png
  artifactKey: Guid(e70583b31453ba648a15fd9f568f14f0) Importer(815301076,1909f56bfc062723c751e8b465ee728b)
Start importing Assets/Low Poly Destructible 2Cars no. 8/Cars/16_Classic/Textures/Classic_16_Body.png using Guid(e70583b31453ba648a15fd9f568f14f0) Importer(815301076,1909f56bfc062723c751e8b465ee728b)  -> (artifact id: 'bf536f02afeee1b48f499a505a1da995') in 0.010823 seconds 
  Import took 0.014586 seconds .

========================================================================
Received Import Request.
  Time since last request: 1.691791 seconds.
  path: Assets/Low Poly Destructible 2Cars no. 8/Cars/16_Classic/Textures/Classic_16_Matte.png
  artifactKey: Guid(2b9f4f2d57a6f294ab9763440368b827) Importer(815301076,1909f56bfc062723c751e8b465ee728b)
Start importing Assets/Low Poly Destructible 2Cars no. 8/Cars/16_Classic/Textures/Classic_16_Matte.png using Guid(2b9f4f2d57a6f294ab9763440368b827) Importer(815301076,1909f56bfc062723c751e8b465ee728b)  -> (artifact id: '9e6f8a34ff83231f39e176a412b3c720') in 0.007848 seconds 
  Import took 0.010869 seconds .

========================================================================
Received Import Request.
  Time since last request: 6.028423 seconds.
  path: Assets/Low Poly Destructible 2Cars no. 8/Cars
  artifactKey: Guid(da2173238af4f384aad37281c5ffdbb7) Importer(815301076,1909f56bfc062723c751e8b465ee728b)
Start importing Assets/Low Poly Destructible 2Cars no. 8/Cars using Guid(da2173238af4f384aad37281c5ffdbb7) Importer(815301076,1909f56bfc062723c751e8b465ee728b)  -> (artifact id: '243a9db3373074e92a0005b7fb1a5c65') in 0.001550 seconds 
  Import took 0.005129 seconds .

========================================================================
Received Import Request.
  Time since last request: 354.824708 seconds.
  path: Assets/Low Poly Destructible 2Cars no. 8/Textures
  artifactKey: Guid(5ed21e310eaefd942b4449175ff16e84) Importer(815301076,1909f56bfc062723c751e8b465ee728b)
Start importing Assets/Low Poly Destructible 2Cars no. 8/Textures using Guid(5ed21e310eaefd942b4449175ff16e84) Importer(815301076,1909f56bfc062723c751e8b465ee728b)  -> (artifact id: 'acd5c7a77d42e686cdda367eceb0d854') in 0.001465 seconds 
  Import took 0.005487 seconds .

========================================================================
Received Import Request.
  Time since last request: 7.074570 seconds.
  path: Assets/Low Poly Destructible 2Cars no. 8/Attachments/Mask
  artifactKey: Guid(98dc0ff6e9a07504d99d0b18afab8f0e) Importer(815301076,1909f56bfc062723c751e8b465ee728b)
Start importing Assets/Low Poly Destructible 2Cars no. 8/Attachments/Mask using Guid(98dc0ff6e9a07504d99d0b18afab8f0e) Importer(815301076,1909f56bfc062723c751e8b465ee728b)  -> (artifact id: '02d99cb4247453720b3192bc0447d809') in 0.001464 seconds 
  Import took 0.004982 seconds .

========================================================================
Received Import Request.
  Time since last request: 1.392539 seconds.
  path: Assets/Low Poly Destructible 2Cars no. 8/Attachments/Mask/Mask_Inlet_8.fbx
  artifactKey: Guid(77944116943c5ec4e8037fd4b5b45e96) Importer(815301076,1909f56bfc062723c751e8b465ee728b)
Start importing Assets/Low Poly Destructible 2Cars no. 8/Attachments/Mask/Mask_Inlet_8.fbx using Guid(77944116943c5ec4e8037fd4b5b45e96) Importer(815301076,1909f56bfc062723c751e8b465ee728b)  -> (artifact id: 'ff64e38fcb56316ac74b01510e50e8ab') in 0.014929 seconds 
  Import took 0.018532 seconds .

========================================================================
Received Import Request.
  Time since last request: 14.962967 seconds.
  path: Assets/Low Poly Destructible 2Cars no. 8
  artifactKey: Guid(b95be100be6e10048a723a1346344886) Importer(815301076,1909f56bfc062723c751e8b465ee728b)
Start importing Assets/Low Poly Destructible 2Cars no. 8 using Guid(b95be100be6e10048a723a1346344886) Importer(815301076,1909f56bfc062723c751e8b465ee728b)  -> (artifact id: '2f8d331bc8d85ce052de61b0121f8b48') in 0.001489 seconds 
  Import took 0.005055 seconds .

========================================================================
Received Import Request.
  Time since last request: 0.998580 seconds.
  path: Assets/Low Poly Destructible 2Cars no. 8/Attachments
  artifactKey: Guid(a9914e46b9adf374c84af9655bd02be6) Importer(815301076,1909f56bfc062723c751e8b465ee728b)
Start importing Assets/Low Poly Destructible 2Cars no. 8/Attachments using Guid(a9914e46b9adf374c84af9655bd02be6) Importer(815301076,1909f56bfc062723c751e8b465ee728b)  -> (artifact id: '3055aca47dd9d366e90b285faf162739') in 0.001419 seconds 
  Import took 0.004309 seconds .

========================================================================
Received Import Request.
  Time since last request: 2.681532 seconds.
  path: Assets/Low Poly Destructible 2Cars no. 8/Textures/Shattered_Glass.png
  artifactKey: Guid(426cc077b8537eb4598afbd7103f86d8) Importer(815301076,1909f56bfc062723c751e8b465ee728b)
Start importing Assets/Low Poly Destructible 2Cars no. 8/Textures/Shattered_Glass.png using Guid(426cc077b8537eb4598afbd7103f86d8) Importer(815301076,1909f56bfc062723c751e8b465ee728b)  -> (artifact id: '7920bc25884975da27611bf78ff5873b') in 0.030681 seconds 
  Import took 0.034223 seconds .

========================================================================
Received Import Request.
  Time since last request: 0.588593 seconds.
  path: Assets/Low Poly Destructible 2Cars no. 8/Textures/Standard_Dashboard.png
  artifactKey: Guid(1370f92b7d1bde747a878f9d2aaf098b) Importer(815301076,1909f56bfc062723c751e8b465ee728b)
Start importing Assets/Low Poly Destructible 2Cars no. 8/Textures/Standard_Dashboard.png using Guid(1370f92b7d1bde747a878f9d2aaf098b) Importer(815301076,1909f56bfc062723c751e8b465ee728b)  -> (artifact id: '9936d7d687972c0efe9078a96ed7fad7') in 0.021559 seconds 
  Import took 0.024619 seconds .

========================================================================
Received Import Request.
  Time since last request: 0.620714 seconds.
  path: Assets/Low Poly Destructible 2Cars no. 8/Textures/Tailights_9-16.png
  artifactKey: Guid(35ad52ba2db3fd74da616a2cdc0053ee) Importer(815301076,1909f56bfc062723c751e8b465ee728b)
Start importing Assets/Low Poly Destructible 2Cars no. 8/Textures/Tailights_9-16.png using Guid(35ad52ba2db3fd74da616a2cdc0053ee) Importer(815301076,1909f56bfc062723c751e8b465ee728b)  -> (artifact id: 'bd2d17fe58bbb22aa15fa5c1b95dbdae') in 0.008924 seconds 
  Import took 0.012271 seconds .

========================================================================
Received Import Request.
  Time since last request: 1.357130 seconds.
  path: Assets/Low Poly Destructible 2Cars no. 8/Wheels/Med_Wheel
  artifactKey: Guid(6e2f2f36d0ce41148b9c8d5f052ffab3) Importer(815301076,1909f56bfc062723c751e8b465ee728b)
Start importing Assets/Low Poly Destructible 2Cars no. 8/Wheels/Med_Wheel using Guid(6e2f2f36d0ce41148b9c8d5f052ffab3) Importer(815301076,1909f56bfc062723c751e8b465ee728b)  -> (artifact id: '5fc4eb84265dc457b26071b33d0c85f0') in 0.001474 seconds 
  Import took 0.004917 seconds .

========================================================================
Received Import Request.
  Time since last request: 0.643394 seconds.
  path: Assets/Low Poly Destructible 2Cars no. 8/Wheels/Wheel
  artifactKey: Guid(c5f25d440e0d91842912c9c178333611) Importer(815301076,1909f56bfc062723c751e8b465ee728b)
Start importing Assets/Low Poly Destructible 2Cars no. 8/Wheels/Wheel using Guid(c5f25d440e0d91842912c9c178333611) Importer(815301076,1909f56bfc062723c751e8b465ee728b)  -> (artifact id: '90b63e57c97ac9bb854eedf9b31ba0c2') in 0.001543 seconds 
  Import took 0.004692 seconds .

========================================================================
Received Import Request.
  Time since last request: 1506.544323 seconds.
  path: Assets/Settings/PostProcessVolumeProfile.asset
  artifactKey: Guid(7ba2b06fb32e5274aad88925a5b8d3f5) Importer(815301076,1909f56bfc062723c751e8b465ee728b)
Start importing Assets/Settings/PostProcessVolumeProfile.asset using Guid(7ba2b06fb32e5274aad88925a5b8d3f5) Importer(815301076,1909f56bfc062723c751e8b465ee728b)  -> (artifact id: '442fcb2d17e43772207ddddc24748c6f') in 0.056455 seconds 
  Import took 0.060436 seconds .

AssetImportWorkerClient::OnTransportError - code=2 error=End of file
